0 info it worked if it ends with ok
1 verbose cli [ '/home/sergiosanchez/.nvm/versions/node/v6.17.1/bin/node',
1 verbose cli   '/home/sergiosanchez/.nvm/versions/node/v6.17.1/bin/npm',
1 verbose cli   'run',
1 verbose cli   'serve' ]
2 info using npm@3.10.10
3 info using node@v6.17.1
4 verbose run-script [ 'preserve', 'serve', 'postserve' ]
5 info lifecycle portafolio@0.1.0~preserve: portafolio@0.1.0
6 silly lifecycle portafolio@0.1.0~preserve: no script for preserve, continuing
7 info lifecycle portafolio@0.1.0~serve: portafolio@0.1.0
8 verbose lifecycle portafolio@0.1.0~serve: unsafe-perm in lifecycle true
9 verbose lifecycle portafolio@0.1.0~serve: PATH: /home/sergiosanchez/.nvm/versions/node/v6.17.1/lib/node_modules/npm/bin/node-gyp-bin:/home/sergiosanchez/Escritorio/geo-water/node_modules/.bin:/home/sergiosanchez/.nvm/versions/node/v6.17.1/bin:/usr/local/sbin:/usr/local/bin:/usr/sbin:/usr/bin:/sbin:/bin:/usr/games:/usr/local/games:/snap/bin
10 verbose lifecycle portafolio@0.1.0~serve: CWD: /home/sergiosanchez/Escritorio/geo-water
11 silly lifecycle portafolio@0.1.0~serve: Args: [ '-c', 'vue-cli-service serve' ]
12 info lifecycle portafolio@0.1.0~serve: Failed to exec serve script
13 verbose stack Error: portafolio@0.1.0 serve: `vue-cli-service serve`
13 verbose stack spawn ENOENT
13 verbose stack     at ChildProcess.<anonymous> (/home/sergiosanchez/.nvm/versions/node/v6.17.1/lib/node_modules/npm/lib/utils/spawn.js:33:16)
13 verbose stack     at emitTwo (events.js:106:13)
13 verbose stack     at ChildProcess.emit (events.js:191:7)
13 verbose stack     at maybeClose (internal/child_process.js:920:16)
13 verbose stack     at Process.ChildProcess._handle.onexit (internal/child_process.js:230:5)
14 verbose pkgid portafolio@0.1.0
15 verbose cwd /home/sergiosanchez/Escritorio/geo-water
16 error Linux 5.13.0-40-generic
17 error argv "/home/sergiosanchez/.nvm/versions/node/v6.17.1/bin/node" "/home/sergiosanchez/.nvm/versions/node/v6.17.1/bin/npm" "run" "serve"
18 error node v6.17.1
19 error npm  v3.10.10
20 error file sh
21 error code ELIFECYCLE
22 error errno ENOENT
23 error syscall spawn
24 error portafolio@0.1.0 serve: `vue-cli-service serve`
24 error spawn ENOENT
25 error Failed at the portafolio@0.1.0 serve script 'vue-cli-service serve'.
25 error Make sure you have the latest version of node.js and npm installed.
25 error If you do, this is most likely a problem with the portafolio package,
25 error not with npm itself.
25 error Tell the author that this fails on your system:
25 error     vue-cli-service serve
25 error You can get information on how to open an issue for this project with:
25 error     npm bugs portafolio
25 error Or if that isn't available, you can get their info via:
25 error     npm owner ls portafolio
25 error There is likely additional logging output above.
26 verbose exit [ 1, true ]
